0 info it worked if it ends with ok
1 verbose cli [ 'node', '/usr/local/bin/npm', 'install', 'ender', '-g' ]
2 info using npm@1.2.32
3 info using node@v0.10.12
4 verbose read json /usr/local/lib/package.json
5 verbose read json /usr/local/lib/package.json
6 verbose cache add [ 'ender', null ]
7 verbose cache add name=undefined spec="ender" args=["ender",null]
8 verbose parsed url { protocol: null,
8 verbose parsed url   slashes: null,
8 verbose parsed url   auth: null,
8 verbose parsed url   host: null,
8 verbose parsed url   port: null,
8 verbose parsed url   hostname: null,
8 verbose parsed url   hash: null,
8 verbose parsed url   search: null,
8 verbose parsed url   query: null,
8 verbose parsed url   pathname: 'ender',
8 verbose parsed url   path: 'ender',
8 verbose parsed url   href: 'ender' }
9 silly lockFile 2846afcd-ender ender
10 verbose lock ender /Users/Tom/.npm/2846afcd-ender.lock
11 silly lockFile 2846afcd-ender ender
12 silly lockFile 2846afcd-ender ender
13 verbose addNamed [ 'ender', '' ]
14 verbose addNamed [ null, '' ]
15 silly lockFile 609118b1-ender ender@
16 verbose lock ender@ /Users/Tom/.npm/609118b1-ender.lock
17 silly addNameRange { name: 'ender', range: '', hasData: false }
18 verbose url raw ender
19 verbose url resolving [ 'https://registry.npmjs.org/', './ender' ]
20 verbose url resolved https://registry.npmjs.org/ender
21 info trying registry request attempt 1 at 14:31:47
22 http GET https://registry.npmjs.org/ender
23 http 200 https://registry.npmjs.org/ender
24 silly registry.get cb [ 200,
24 silly registry.get   { vary: 'Accept',
24 silly registry.get     server: 'CouchDB/1.3.0 (Erlang OTP/R15B03)',
24 silly registry.get     etag: '"R6U9D0ET59K72X5KCHN1Q3T9"',
24 silly registry.get     date: 'Fri, 05 Jul 2013 18:31:48 GMT',
24 silly registry.get     'content-type': 'application/json',
24 silly registry.get     'content-length': '100115' } ]
25 silly addNameRange number 2 { name: 'ender', range: '', hasData: true }
26 silly addNameRange versions [ 'ender',
26 silly addNameRange   [ '0.0.1',
26 silly addNameRange     '0.0.2',
26 silly addNameRange     '0.0.3',
26 silly addNameRange     '0.0.4',
26 silly addNameRange     '0.0.5',
26 silly addNameRange     '0.0.6',
26 silly addNameRange     '0.0.7',
26 silly addNameRange     '0.0.8',
26 silly addNameRange     '0.1.1',
26 silly addNameRange     '0.1.2',
26 silly addNameRange     '0.1.3',
26 silly addNameRange     '0.1.4',
26 silly addNameRange     '0.1.5',
26 silly addNameRange     '0.1.6',
26 silly addNameRange     '0.2.0',
26 silly addNameRange     '0.2.1',
26 silly addNameRange     '0.2.3',
26 silly addNameRange     '0.2.4',
26 silly addNameRange     '0.2.5',
26 silly addNameRange     '0.2.6',
26 silly addNameRange     '0.2.7',
26 silly addNameRange     '0.3.0',
26 silly addNameRange     '0.3.1',
26 silly addNameRange     '0.3.2',
26 silly addNameRange     '0.3.4',
26 silly addNameRange     '0.3.5',
26 silly addNameRange     '0.3.6',
26 silly addNameRange     '0.3.7',
26 silly addNameRange     '0.4.0',
26 silly addNameRange     '0.4.1',
26 silly addNameRange     '0.4.2',
26 silly addNameRange     '0.4.3',
26 silly addNameRange     '0.4.4',
26 silly addNameRange     '0.5.0',
26 silly addNameRange     '0.5.1',
26 silly addNameRange     '0.5.2',
26 silly addNameRange     '0.5.3',
26 silly addNameRange     '0.6.0',
26 silly addNameRange     '0.6.2',
26 silly addNameRange     '0.6.3',
26 silly addNameRange     '0.6.4',
26 silly addNameRange     '0.6.5',
26 silly addNameRange     '0.6.6',
26 silly addNameRange     '0.6.7',
26 silly addNameRange     '0.6.8',
26 silly addNameRange     '0.6.9',
26 silly addNameRange     '0.7.0',
26 silly addNameRange     '0.7.1',
26 silly addNameRange     '0.7.2',
26 silly addNameRange     '0.8.0',
26 silly addNameRange     '0.8.2',
26 silly addNameRange     '0.8.3',
26 silly addNameRange     '0.8.4',
26 silly addNameRange     '0.8.5',
26 silly addNameRange     '0.8.6',
26 silly addNameRange     '0.8.7',
26 silly addNameRange     '0.8.8',
26 silly addNameRange     '0.8.9',
26 silly addNameRange     '0.8.10',
26 silly addNameRange     '0.8.11',
26 silly addNameRange     '1.0.0-rc01',
26 silly addNameRange     '1.0.0',
26 silly addNameRange     '1.0.1',
26 silly addNameRange     '1.0.2',
26 silly addNameRange     '1.1.0' ] ]
27 verbose addNamed [ 'ender', '1.1.0' ]
28 verbose addNamed [ '1.1.0', '1.1.0' ]
29 silly lockFile 97964095-ender-1-1-0 ender@1.1.0
30 verbose lock ender@1.1.0 /Users/Tom/.npm/97964095-ender-1-1-0.lock
31 silly lockFile 28571cd8--npmjs-org-ender-ender-1-1-0-tgz https://registry.npmjs.org/ender/-/ender-1.1.0.tgz
32 verbose lock https://registry.npmjs.org/ender/-/ender-1.1.0.tgz /Users/Tom/.npm/28571cd8--npmjs-org-ender-ender-1-1-0-tgz.lock
33 verbose addRemoteTarball [ 'https://registry.npmjs.org/ender/-/ender-1.1.0.tgz',
33 verbose addRemoteTarball   'a8fcebcb1cd79c78efd4ca3707369861b93dc1d5' ]
34 info retry fetch attempt 1 at 14:31:49
35 verbose fetch to= /var/folders/xs/4cddgwdj0h50wlr1bz_bw7lr0000gn/T/npm-8370/1373049109290-0.6338738480117172/tmp.tgz
36 http GET https://registry.npmjs.org/ender/-/ender-1.1.0.tgz
37 http 200 https://registry.npmjs.org/ender/-/ender-1.1.0.tgz
38 verbose tar unpack /var/folders/xs/4cddgwdj0h50wlr1bz_bw7lr0000gn/T/npm-8370/1373049109290-0.6338738480117172/tmp.tgz
39 silly lockFile 3448e7e0-09290-0-6338738480117172-package tar:///var/folders/xs/4cddgwdj0h50wlr1bz_bw7lr0000gn/T/npm-8370/1373049109290-0.6338738480117172/package
40 verbose lock tar:///var/folders/xs/4cddgwdj0h50wlr1bz_bw7lr0000gn/T/npm-8370/1373049109290-0.6338738480117172/package /Users/Tom/.npm/3448e7e0-09290-0-6338738480117172-package.lock
41 silly lockFile 968388c4-09290-0-6338738480117172-tmp-tgz tar:///var/folders/xs/4cddgwdj0h50wlr1bz_bw7lr0000gn/T/npm-8370/1373049109290-0.6338738480117172/tmp.tgz
42 verbose lock tar:///var/folders/xs/4cddgwdj0h50wlr1bz_bw7lr0000gn/T/npm-8370/1373049109290-0.6338738480117172/tmp.tgz /Users/Tom/.npm/968388c4-09290-0-6338738480117172-tmp-tgz.lock
43 silly gunzTarPerm modes [ '755', '644' ]
44 silly gunzTarPerm extractEntry package.json
45 silly gunzTarPerm extractEntry .npmignore
46 silly gunzTarPerm extractEntry README.md
47 silly gunzTarPerm extractEntry LICENSE
48 silly gunzTarPerm extractEntry buster.js
49 silly gunzTarPerm extractEntry .jshintrc
50 silly gunzTarPerm extractEntry Makefile
51 silly gunzTarPerm extractEntry .travis.yml
52 silly gunzTarPerm extractEntry bin/ender
53 silly gunzTarPerm extractEntry Changelog.md
54 silly gunzTarPerm extractEntry lib/README.md
55 silly gunzTarPerm extractEntry lib/main-compile.js
56 silly gunzTarPerm extractEntry lib/main-help.js
57 silly gunzTarPerm extractEntry lib/main-info-util.js
58 silly gunzTarPerm extractEntry lib/main-build.js
59 silly gunzTarPerm extractEntry lib/errors.js
60 silly gunzTarPerm extractEntry lib/main-remove.js
61 silly gunzTarPerm extractEntry lib/main-search-util.js
62 silly gunzTarPerm extractEntry lib/main-search.js
63 silly gunzTarPerm extractEntry lib/main-version.js
64 silly gunzTarPerm extractEntry lib/main-build-util.js
65 silly gunzTarPerm extractEntry lib/main.js
66 silly gunzTarPerm extractEntry lib/main-add.js
67 silly gunzTarPerm extractEntry lib/parse-context.js
68 silly gunzTarPerm extractEntry lib/main-info.js
69 silly gunzTarPerm extractEntry lib/util.js
70 silly gunzTarPerm extractEntry lib/main-refresh.js
71 silly gunzTarPerm extractEntry lib/output/main-add-output.js
72 silly gunzTarPerm extractEntry lib/output/main-build-output.js
73 silly gunzTarPerm extractEntry lib/output/main-compile-output.js
74 silly gunzTarPerm extractEntry lib/output/main-help-output.js
75 silly gunzTarPerm extractEntry lib/output/main-info-output.js
76 silly gunzTarPerm extractEntry lib/output/main-refresh-output.js
77 silly gunzTarPerm extractEntry lib/output/main-remove-output.js
78 silly gunzTarPerm extractEntry lib/output/main-search-output.js
79 silly gunzTarPerm extractEntry lib/output/main-version-output.js
80 silly gunzTarPerm extractEntry lib/output/output.js
81 silly gunzTarPerm extractEntry Contributors
82 silly gunzTarPerm extractEntry resources/build.mustache
83 silly gunzTarPerm extractEntry resources/help/add.tmpl
84 silly gunzTarPerm extractEntry resources/help/build.tmpl
85 silly gunzTarPerm extractEntry resources/help/compile.tmpl
86 silly gunzTarPerm extractEntry resources/help/info.tmpl
87 silly gunzTarPerm extractEntry resources/help/main.tmpl
88 silly gunzTarPerm extractEntry resources/help/refresh.tmpl
89 silly gunzTarPerm extractEntry resources/help/remove.tmpl
90 silly gunzTarPerm extractEntry resources/help/search.tmpl
91 silly gunzTarPerm extractEntry resources/help/zalgo.tmpl
92 silly gunzTarPerm extractEntry resources/root-package.mustache
93 silly gunzTarPerm extractEntry resources/source-file.mustache
94 silly gunzTarPerm extractEntry resources/source-package.mustache
95 silly gunzTarPerm extractEntry test/common.js
96 silly gunzTarPerm extractEntry test/functional/add-test.js
97 silly gunzTarPerm extractEntry test/functional/build-test.js
98 silly gunzTarPerm extractEntry test/functional/common.js
99 silly gunzTarPerm extractEntry test/functional/info-test.js
100 silly gunzTarPerm extractEntry test/functional/build-packages-with-binaries-test.js
101 silly gunzTarPerm extractEntry test/functional/build-from-package-json-test.js
102 silly gunzTarPerm extractEntry test/functional/output-test.js
103 silly gunzTarPerm extractEntry test/functional/package-descriptor-overrides.js
104 silly gunzTarPerm extractEntry test/functional/remove-test.js
105 silly gunzTarPerm extractEntry test/functional/refresh-test.js
106 silly gunzTarPerm extractEntry test/functional/minifier-test.js
107 silly gunzTarPerm extractEntry test/functional/version-test.js
108 silly gunzTarPerm extractEntry test/functional/noop-test.js
109 silly gunzTarPerm extractEntry test/functional/packages/endr-test-1/package.json
110 silly gunzTarPerm extractEntry test/functional/packages/endr-test-1/bridge.js
111 silly gunzTarPerm extractEntry test/functional/packages/endr-test-1/main-override.js
112 silly gunzTarPerm extractEntry test/functional/packages/endr-test-1/main.js
113 silly gunzTarPerm extractEntry test/functional/packages/endr-test-2/package.json
114 silly gunzTarPerm extractEntry test/functional/packages/endr-test-2/main.js
115 silly gunzTarPerm extractEntry test/unit/main-add-test.js
116 silly gunzTarPerm extractEntry test/unit/main-help-test.js
117 silly gunzTarPerm extractEntry test/unit/main-info-test.js
118 silly gunzTarPerm extractEntry test/unit/main-info-util-test.js
119 silly gunzTarPerm extractEntry test/unit/main-compile-test.js
120 silly gunzTarPerm extractEntry test/unit/main-search-output-test.js
121 silly gunzTarPerm extractEntry test/unit/main-search-test.js
122 silly gunzTarPerm extractEntry test/unit/main-search-util-test.js
123 silly gunzTarPerm extractEntry test/unit/main-test.js
124 silly gunzTarPerm extractEntry test/unit/main-version-test.js
125 silly gunzTarPerm extractEntry test/unit/main-build-util-test.js
126 silly gunzTarPerm extractEntry test/unit/output-test.js
127 silly gunzTarPerm extractEntry test/unit/main-build-test.js
128 silly gunzTarPerm extractEntry test/unit/parse-context-test.js
129 silly gunzTarPerm extractEntry test/unit/main-remove-test.js
130 verbose read json /var/folders/xs/4cddgwdj0h50wlr1bz_bw7lr0000gn/T/npm-8370/1373049109290-0.6338738480117172/package/package.json
131 silly lockFile 3448e7e0-09290-0-6338738480117172-package tar:///var/folders/xs/4cddgwdj0h50wlr1bz_bw7lr0000gn/T/npm-8370/1373049109290-0.6338738480117172/package
132 silly lockFile 3448e7e0-09290-0-6338738480117172-package tar:///var/folders/xs/4cddgwdj0h50wlr1bz_bw7lr0000gn/T/npm-8370/1373049109290-0.6338738480117172/package
133 silly lockFile 968388c4-09290-0-6338738480117172-tmp-tgz tar:///var/folders/xs/4cddgwdj0h50wlr1bz_bw7lr0000gn/T/npm-8370/1373049109290-0.6338738480117172/tmp.tgz
134 silly lockFile 968388c4-09290-0-6338738480117172-tmp-tgz tar:///var/folders/xs/4cddgwdj0h50wlr1bz_bw7lr0000gn/T/npm-8370/1373049109290-0.6338738480117172/tmp.tgz
135 verbose from cache /var/folders/xs/4cddgwdj0h50wlr1bz_bw7lr0000gn/T/npm-8370/1373049109290-0.6338738480117172/package/package.json
136 verbose tar pack [ '/Users/Tom/.npm/ender/1.1.0/package.tgz',
136 verbose tar pack   '/var/folders/xs/4cddgwdj0h50wlr1bz_bw7lr0000gn/T/npm-8370/1373049109290-0.6338738480117172/package' ]
137 verbose tarball /Users/Tom/.npm/ender/1.1.0/package.tgz
138 verbose folder /var/folders/xs/4cddgwdj0h50wlr1bz_bw7lr0000gn/T/npm-8370/1373049109290-0.6338738480117172/package
139 silly lockFile 3448e7e0-09290-0-6338738480117172-package tar:///var/folders/xs/4cddgwdj0h50wlr1bz_bw7lr0000gn/T/npm-8370/1373049109290-0.6338738480117172/package
140 verbose lock tar:///var/folders/xs/4cddgwdj0h50wlr1bz_bw7lr0000gn/T/npm-8370/1373049109290-0.6338738480117172/package /Users/Tom/.npm/3448e7e0-09290-0-6338738480117172-package.lock
141 silly lockFile 3519e263--Tom-npm-ender-1-1-0-package-tgz tar:///Users/Tom/.npm/ender/1.1.0/package.tgz
142 verbose lock tar:///Users/Tom/.npm/ender/1.1.0/package.tgz /Users/Tom/.npm/3519e263--Tom-npm-ender-1-1-0-package-tgz.lock
143 silly lockFile 3448e7e0-09290-0-6338738480117172-package tar:///var/folders/xs/4cddgwdj0h50wlr1bz_bw7lr0000gn/T/npm-8370/1373049109290-0.6338738480117172/package
144 silly lockFile 3448e7e0-09290-0-6338738480117172-package tar:///var/folders/xs/4cddgwdj0h50wlr1bz_bw7lr0000gn/T/npm-8370/1373049109290-0.6338738480117172/package
145 silly lockFile 3519e263--Tom-npm-ender-1-1-0-package-tgz tar:///Users/Tom/.npm/ender/1.1.0/package.tgz
146 silly lockFile 3519e263--Tom-npm-ender-1-1-0-package-tgz tar:///Users/Tom/.npm/ender/1.1.0/package.tgz
147 silly lockFile 3705aa59-sers-Tom-npm-ender-1-1-0-package /Users/Tom/.npm/ender/1.1.0/package
148 verbose lock /Users/Tom/.npm/ender/1.1.0/package /Users/Tom/.npm/3705aa59-sers-Tom-npm-ender-1-1-0-package.lock
149 silly lockFile 3705aa59-sers-Tom-npm-ender-1-1-0-package /Users/Tom/.npm/ender/1.1.0/package
150 silly lockFile 3705aa59-sers-Tom-npm-ender-1-1-0-package /Users/Tom/.npm/ender/1.1.0/package
151 verbose tar unpack /Users/Tom/.npm/ender/1.1.0/package.tgz
152 silly lockFile c8432f6a-sers-Tom-npm-ender-1-1-0-package tar:///Users/Tom/.npm/ender/1.1.0/package
153 verbose lock tar:///Users/Tom/.npm/ender/1.1.0/package /Users/Tom/.npm/c8432f6a-sers-Tom-npm-ender-1-1-0-package.lock
154 silly lockFile 3519e263--Tom-npm-ender-1-1-0-package-tgz tar:///Users/Tom/.npm/ender/1.1.0/package.tgz
155 verbose lock tar:///Users/Tom/.npm/ender/1.1.0/package.tgz /Users/Tom/.npm/3519e263--Tom-npm-ender-1-1-0-package-tgz.lock
156 silly gunzTarPerm modes [ '755', '644' ]
157 silly gunzTarPerm extractEntry package.json
158 silly gunzTarPerm extractEntry .npmignore
159 silly gunzTarPerm extractEntry README.md
160 silly gunzTarPerm extractEntry LICENSE
161 silly gunzTarPerm extractEntry buster.js
162 silly gunzTarPerm extractEntry .jshintrc
163 silly gunzTarPerm extractEntry Makefile
164 silly gunzTarPerm extractEntry .travis.yml
165 silly gunzTarPerm extractEntry bin/ender
166 silly gunzTarPerm extractEntry Changelog.md
167 silly gunzTarPerm extractEntry lib/README.md
168 silly gunzTarPerm extractEntry lib/main-compile.js
169 silly gunzTarPerm extractEntry lib/main-help.js
170 silly gunzTarPerm extractEntry lib/main-info-util.js
171 silly gunzTarPerm extractEntry lib/main-build.js
172 silly gunzTarPerm extractEntry lib/errors.js
173 silly gunzTarPerm extractEntry lib/main-remove.js
174 silly gunzTarPerm extractEntry lib/main-search-util.js
175 silly gunzTarPerm extractEntry lib/main-search.js
176 silly gunzTarPerm extractEntry lib/main-version.js
177 silly gunzTarPerm extractEntry lib/main-build-util.js
178 silly gunzTarPerm extractEntry lib/main.js
179 silly gunzTarPerm extractEntry lib/main-add.js
180 silly gunzTarPerm extractEntry lib/parse-context.js
181 silly gunzTarPerm extractEntry lib/main-info.js
182 silly gunzTarPerm extractEntry lib/util.js
183 silly gunzTarPerm extractEntry lib/main-refresh.js
184 silly gunzTarPerm extractEntry lib/output/main-add-output.js
185 silly gunzTarPerm extractEntry lib/output/main-build-output.js
186 silly gunzTarPerm extractEntry lib/output/main-compile-output.js
187 silly gunzTarPerm extractEntry lib/output/main-help-output.js
188 silly gunzTarPerm extractEntry lib/output/main-info-output.js
189 silly gunzTarPerm extractEntry lib/output/main-refresh-output.js
190 silly gunzTarPerm extractEntry lib/output/main-remove-output.js
191 silly gunzTarPerm extractEntry lib/output/main-search-output.js
192 silly gunzTarPerm extractEntry lib/output/main-version-output.js
193 silly gunzTarPerm extractEntry lib/output/output.js
194 silly gunzTarPerm extractEntry Contributors
195 silly gunzTarPerm extractEntry resources/build.mustache
196 silly gunzTarPerm extractEntry resources/help/add.tmpl
197 silly gunzTarPerm extractEntry resources/help/build.tmpl
198 silly gunzTarPerm extractEntry resources/help/compile.tmpl
199 silly gunzTarPerm extractEntry resources/help/info.tmpl
200 silly gunzTarPerm extractEntry resources/help/main.tmpl
201 silly gunzTarPerm extractEntry resources/help/refresh.tmpl
202 silly gunzTarPerm extractEntry resources/help/remove.tmpl
203 silly gunzTarPerm extractEntry resources/help/search.tmpl
204 silly gunzTarPerm extractEntry resources/help/zalgo.tmpl
205 silly gunzTarPerm extractEntry resources/root-package.mustache
206 silly gunzTarPerm extractEntry resources/source-file.mustache
207 silly gunzTarPerm extractEntry resources/source-package.mustache
208 silly gunzTarPerm extractEntry test/common.js
209 silly gunzTarPerm extractEntry test/functional/add-test.js
210 silly gunzTarPerm extractEntry test/functional/build-test.js
211 silly gunzTarPerm extractEntry test/functional/common.js
212 silly gunzTarPerm extractEntry test/functional/info-test.js
213 silly gunzTarPerm extractEntry test/functional/build-packages-with-binaries-test.js
214 silly gunzTarPerm extractEntry test/functional/build-from-package-json-test.js
215 silly gunzTarPerm extractEntry test/functional/output-test.js
216 silly gunzTarPerm extractEntry test/functional/package-descriptor-overrides.js
217 silly gunzTarPerm extractEntry test/functional/remove-test.js
218 silly gunzTarPerm extractEntry test/functional/refresh-test.js
219 silly gunzTarPerm extractEntry test/functional/minifier-test.js
220 silly gunzTarPerm extractEntry test/functional/version-test.js
221 silly gunzTarPerm extractEntry test/functional/noop-test.js
222 silly gunzTarPerm extractEntry test/functional/packages/endr-test-1/package.json
223 silly gunzTarPerm extractEntry test/functional/packages/endr-test-1/bridge.js
224 silly gunzTarPerm extractEntry test/functional/packages/endr-test-1/main-override.js
225 silly gunzTarPerm extractEntry test/functional/packages/endr-test-1/main.js
226 silly gunzTarPerm extractEntry test/functional/packages/endr-test-2/package.json
227 silly gunzTarPerm extractEntry test/functional/packages/endr-test-2/main.js
228 silly gunzTarPerm extractEntry test/unit/main-add-test.js
229 silly gunzTarPerm extractEntry test/unit/main-help-test.js
230 silly gunzTarPerm extractEntry test/unit/main-info-test.js
231 silly gunzTarPerm extractEntry test/unit/main-info-util-test.js
232 silly gunzTarPerm extractEntry test/unit/main-compile-test.js
233 silly gunzTarPerm extractEntry test/unit/main-search-output-test.js
234 silly gunzTarPerm extractEntry test/unit/main-search-test.js
235 silly gunzTarPerm extractEntry test/unit/main-search-util-test.js
236 silly gunzTarPerm extractEntry test/unit/main-test.js
237 silly gunzTarPerm extractEntry test/unit/main-version-test.js
238 silly gunzTarPerm extractEntry test/unit/main-build-util-test.js
239 silly gunzTarPerm extractEntry test/unit/output-test.js
240 silly gunzTarPerm extractEntry test/unit/main-build-test.js
241 silly gunzTarPerm extractEntry test/unit/parse-context-test.js
242 silly gunzTarPerm extractEntry test/unit/main-remove-test.js
243 verbose read json /Users/Tom/.npm/ender/1.1.0/package/package.json
244 silly lockFile c8432f6a-sers-Tom-npm-ender-1-1-0-package tar:///Users/Tom/.npm/ender/1.1.0/package
245 silly lockFile c8432f6a-sers-Tom-npm-ender-1-1-0-package tar:///Users/Tom/.npm/ender/1.1.0/package
246 silly lockFile 3519e263--Tom-npm-ender-1-1-0-package-tgz tar:///Users/Tom/.npm/ender/1.1.0/package.tgz
247 silly lockFile 3519e263--Tom-npm-ender-1-1-0-package-tgz tar:///Users/Tom/.npm/ender/1.1.0/package.tgz
248 verbose from cache /Users/Tom/.npm/ender/1.1.0/package/package.json
249 verbose chmod /Users/Tom/.npm/ender/1.1.0/package.tgz 644
250 verbose chown /Users/Tom/.npm/ender/1.1.0/package.tgz [ 501, 20 ]
251 silly lockFile 28571cd8--npmjs-org-ender-ender-1-1-0-tgz https://registry.npmjs.org/ender/-/ender-1.1.0.tgz
252 silly lockFile 28571cd8--npmjs-org-ender-ender-1-1-0-tgz https://registry.npmjs.org/ender/-/ender-1.1.0.tgz
253 silly lockFile 97964095-ender-1-1-0 ender@1.1.0
254 silly lockFile 97964095-ender-1-1-0 ender@1.1.0
255 silly lockFile 609118b1-ender ender@
256 silly lockFile 609118b1-ender ender@
257 silly resolved [ { name: 'ender',
257 silly resolved     description: 'Open Module JavaScript Framework',
257 silly resolved     version: '1.1.0',
257 silly resolved     authors:
257 silly resolved      [ 'Jacob Thornton <jacob@twitter.com> (https://github.com/fat)',
257 silly resolved        'Dustin Diaz <dustin@obvious.com> (https://github.com/ded)',
257 silly resolved        'Rod Vagg <rod@vagg.org> (https://github.com/rvagg)' ],
257 silly resolved     keywords: [ 'ender', 'modules', 'builder', 'framework', 'packager' ],
257 silly resolved     main: './lib/main.js',
257 silly resolved     homepage: 'https://ender.jit.su',
257 silly resolved     dependencies:
257 silly resolved      { 'ender-args-parser': '~0.0.2',
257 silly resolved        'ender-builder': '~0.1.0',
257 silly resolved        'ender-dependency-graph': '~0.0.2',
257 silly resolved        'ender-installer': '~0.0.0',
257 silly resolved        'ender-minify': '~0.1.1',
257 silly resolved        'ender-package-util': '~0.0.1',
257 silly resolved        'ender-repository': '~0.0.4',
257 silly resolved        colors: '~0.6.0',
257 silly resolved        async: '~0.1.22',
257 silly resolved        'hogan.js': '~2.0.0',
257 silly resolved        archy: '~0.0.2',
257 silly resolved        'colors-tmpl': '~0.1.0',
257 silly resolved        xregexp: '~2.0.0',
257 silly resolved        errno: '~0.0.3',
257 silly resolved        glob: '~3.1.14' },
257 silly resolved     directories: { lib: './lib', bin: './bin' },
257 silly resolved     devDependencies:
257 silly resolved      { bustermove: '*',
257 silly resolved        referee: '*',
257 silly resolved        tap: '*',
257 silly resolved        rimraf: '*',
257 silly resolved        jshint: '*',
257 silly resolved        mkfiletree: '*',
257 silly resolved        'require-subvert': '*' },
257 silly resolved     bin: { ender: './bin/ender' },
257 silly resolved     preferGlobal: true,
257 silly resolved     scripts: { test: 'make alltests' },
257 silly resolved     repository: { type: 'git', url: 'https://github.com/ender-js/Ender.git' },
257 silly resolved     readme: '# ENDER\n\n**Ender is a full featured package manager for your browser**\n\nIt allows you to search, install, manage, and compile front-end JavaScript packages and their dependencies for the web. We like to think of it as [NPM](https://github.com/isaacs/npm)\'s little sister.\n\n**Ender is not a JavaScript library**\n\nIt\'s not a jQuery replacement. It\'s not even a static asset. It\'s a tool for making the consumption of front-end JavaScript packages dead simple and incredibly powerful.\n\n![Ender](http://f.cl.ly/items/1W0P3I3D3m3U0e1j2h1c/Screen%20shot%202011-05-09%20at%2011.31.42%20AM.png)\n\n## WHY?\n\nIn the browser - **small, loosely coupled modules are the future and large, tightly-bound monolithic libraries are the past!**\n\nEnder capitalizes on this by offering a unique way to bring together the exciting work happening in JavaScript packages and allows you to mix, match, and customize your own build, suited to your individual needs, without all the extra cruft that comes with larger libraries.\n\nWith Ender, if one library goes bad or unmaintained, it can be replaced with another. Need a specific package version? No problem! Does your package have dependencies? Let us handle that for you too!\n\n## MORE INFO\n\nFor more information checkout [http://ender.jit.su](http://ender.jit.su)\n\n## BUILD STATUS\n\n**Ender** [![Build Status](https://secure.travis-ci.org/ender-js/Ender.png)](http://travis-ci.org/ender-js/Ender)\n\n[Ender Args Parser](https://github.com/ender-js/ender-args-parser) [![Build Status](https://secure.travis-ci.org/ender-js/ender-args-parser.png)](http://travis-ci.org/ender-js/ender-args-parser)\n\n[Ender Builder](https://github.com/ender-js/ender-builder) [![Build Status](https://secure.travis-ci.org/ender-js/ender-builder.png)](http://travis-ci.org/ender-js/ender-builder)\n\n[Ender Dependency Graph](https://github.com/ender-js/ender-dependency-graph) [![Build Status](https://secure.travis-ci.org/ender-js/ender-dependency-graph.png)](http://travis-ci.org/ender-js/ender-dependency-graph)\n\n[Ender Installer](https://github.com/ender-js/ender-installer) [![Build Status](https://secure.travis-ci.org/ender-js/ender-installer.png)](http://travis-ci.org/ender-js/ender-installer)\n\n[Ender Minify](https://github.com/ender-js/ender-minify) [![Build Status](https://secure.travis-ci.org/ender-js/ender-minify.png)](http://travis-ci.org/ender-js/ender-minify)\n\n[Ender Package Util](https://github.com/ender-js/ender-package-util) [![Build Status](https://secure.travis-ci.org/ender-js/ender-package-util.png)](http://travis-ci.org/ender-js/ender-package-util)\n\n[Ender Repository](https://github.com/ender-js/ender-repository) [![Build Status](https://secure.travis-ci.org/ender-js/ender-repository.png)](http://travis-ci.org/ender-js/ender-repository)\n\n## Licence\n\nEnder is Copyright (c) 2012-2013 Dustin Diaz [@ded](https://twitter.com/ded), Jacob Thornton [@fat](https://twitter.com/fat) and Rod Vagg [@rvagg](https://twitter.com/rvagg) and licensed under the MIT license. All rights not explicitly granted in the MIT license are reserved. See the included LICENSE file for more details.',
257 silly resolved     readmeFilename: 'README.md',
257 silly resolved     bugs: { url: 'https://github.com/ender-js/Ender/issues' },
257 silly resolved     _id: 'ender@1.1.0',
257 silly resolved     dist: { shasum: 'a8fcebcb1cd79c78efd4ca3707369861b93dc1d5' },
257 silly resolved     _from: 'ender@',
257 silly resolved     _resolved: 'https://registry.npmjs.org/ender/-/ender-1.1.0.tgz' } ]
258 info install ender@1.1.0 into /usr/local/lib
259 info installOne ender@1.1.0
260 verbose from cache /Users/Tom/.npm/ender/1.1.0/package/package.json
261 info /usr/local/lib/node_modules/ender unbuild
262 verbose read json /usr/local/lib/node_modules/ender/package.json
263 verbose tar unpack /Users/Tom/.npm/ender/1.1.0/package.tgz
264 silly lockFile 79b6fbbe-usr-local-lib-node-modules-ender tar:///usr/local/lib/node_modules/ender
265 verbose lock tar:///usr/local/lib/node_modules/ender /Users/Tom/.npm/79b6fbbe-usr-local-lib-node-modules-ender.lock
266 silly lockFile 3519e263--Tom-npm-ender-1-1-0-package-tgz tar:///Users/Tom/.npm/ender/1.1.0/package.tgz
267 verbose lock tar:///Users/Tom/.npm/ender/1.1.0/package.tgz /Users/Tom/.npm/3519e263--Tom-npm-ender-1-1-0-package-tgz.lock
268 silly gunzTarPerm modes [ '755', '644' ]
269 error Error: EACCES, mkdir '/usr/local/lib/node_modules/ender'
269 error  { [Error: EACCES, mkdir '/usr/local/lib/node_modules/ender']
269 error   errno: 3,
269 error   code: 'EACCES',
269 error   path: '/usr/local/lib/node_modules/ender',
269 error   fstream_type: 'Directory',
269 error   fstream_path: '/usr/local/lib/node_modules/ender',
269 error   fstream_class: 'DirWriter',
269 error   fstream_stack:
269 error    [ '/usr/local/lib/node_modules/npm/node_modules/fstream/lib/dir-writer.js:36:23',
269 error      '/usr/local/lib/node_modules/npm/node_modules/mkdirp/index.js:37:53',
269 error      'Object.oncomplete (fs.js:107:15)' ] }
270 error Please try running this command again as root/Administrator.
271 error System Darwin 11.4.2
272 error command "node" "/usr/local/bin/npm" "install" "ender" "-g"
273 error cwd /Users/Tom/node/shooter000
274 error node -v v0.10.12
275 error npm -v 1.2.32
276 error path /usr/local/lib/node_modules/ender
277 error fstream_path /usr/local/lib/node_modules/ender
278 error fstream_type Directory
279 error fstream_class DirWriter
280 error code EACCES
281 error errno 3
282 error stack Error: EACCES, mkdir '/usr/local/lib/node_modules/ender'
283 error fstream_stack /usr/local/lib/node_modules/npm/node_modules/fstream/lib/dir-writer.js:36:23
283 error fstream_stack /usr/local/lib/node_modules/npm/node_modules/mkdirp/index.js:37:53
283 error fstream_stack Object.oncomplete (fs.js:107:15)
284 verbose exit [ 3, true ]
